origin/build_/intermediates/manifest_merge_blame_file/qaseemati_clientDebug/manifest-merger-blame-qaseemati_client-debug-report.txt
1<?xml version="1.0" encoding="utf-8"?>
2<manifest xmlns:android="http://schemas.android.com/apk/res/android"
3    package="com.ids.qasemti"
4    android:versionCode="18"
5    android:versionName="2.8" >
6
7    <uses-sdk
8        android:minSdkVersion="21"
8-->src\main\AndroidManifest.xml
9        android:targetSdkVersion="30" />
9-->src\main\AndroidManifest.xml
10
11    <uses-permission android:name="android.permission.ACCESS_NETWORK_STATE" />
11-->src\main\AndroidManifest.xml:6:5-79
11-->src\main\AndroidManifest.xml:6:22-76
12    <uses-permission android:name="android.permission.ACCESS_COARSE_LOCATION" />
12-->src\main\AndroidManifest.xml:7:5-80
12-->src\main\AndroidManifest.xml:7:22-78
13    <uses-permission android:name="android.permission.ACCESS_FINE_LOCATION" />
13-->src\main\AndroidManifest.xml:8:5-78
13-->src\main\AndroidManifest.xml:8:22-76
14    <uses-permission android:name="com.google.android.providers.gsf.permission.READ_GSERVICES" />
14-->src\main\AndroidManifest.xml:9:5-97
14-->src\main\AndroidManifest.xml:9:22-95
15    <uses-permission android:name="android.permission.INTERNET" />
15-->src\main\AndroidManifest.xml:10:5-67
15-->src\main\AndroidManifest.xml:10:22-64
16    <uses-permission android:name="android.permission.CAMERA" />
16-->src\main\AndroidManifest.xml:11:5-65
16-->src\main\AndroidManifest.xml:11:22-62
17    <uses-permission android:name="android.permission.FOREGROUND_SERVICE" />
17-->src\main\AndroidManifest.xml:12:5-77
17-->src\main\AndroidManifest.xml:12:22-74
18    <uses-permission android:name="android.permission.ACCESS_WIFI_STATE" />
18-->[:payment] AndroidManifest.xml:11:5-76
18-->[:payment] AndroidManifest.xml:11:22-73
19    <uses-permission android:name="android.permission.WRITE_EXTERNAL_STORAGE" />
19-->[com.github.jaiselrahman:FilePicker:1.3.2] AndroidManifest.xml:11:5-81
19-->[com.github.jaiselrahman:FilePicker:1.3.2] AndroidManifest.xml:11:22-78
20    <uses-permission android:name="android.permission.READ_EXTERNAL_STORAGE" />
21
22    <uses-feature
22-->[com.google.android.gms:play-services-maps:17.0.1] AndroidManifest.xml:26:5-28:35
23        android:glEsVersion="0x00020000"
23-->[com.google.android.gms:play-services-maps:17.0.1] AndroidManifest.xml:27:9-41
24        android:required="true" />
24-->[com.google.android.gms:play-services-maps:17.0.1] AndroidManifest.xml:28:9-32
25
26    <queries>
26-->[com.google.android.gms:play-services-maps:17.0.1] AndroidManifest.xml:30:5-34:15
27
28        <!-- Needs to be explicitly declared on Android R+ -->
29        <package android:name="com.google.android.apps.maps" />
29-->[com.google.android.gms:play-services-maps:17.0.1] AndroidManifest.xml:33:9-64
29-->[com.google.android.gms:play-services-maps:17.0.1] AndroidManifest.xml:33:18-61
30
31        <intent>
31-->[androidx.media:media:1.3.1] AndroidManifest.xml:25:9-27:18
32            <action android:name="android.media.browse.MediaBrowserService" />
32-->[androidx.media:media:1.3.1] AndroidManifest.xml:26:13-79
32-->[androidx.media:media:1.3.1] AndroidManifest.xml:26:21-76
33        </intent>
34    </queries>
35
36    <uses-permission android:name="android.permission.WAKE_LOCK" /> <!-- Required by older versions of Google Play services to create IID tokens -->
36-->[com.google.firebase:firebase-messaging:22.0.0] AndroidManifest.xml:23:5-68
36-->[com.google.firebase:firebase-messaging:22.0.0] AndroidManifest.xml:23:22-65
37    <uses-permission android:name="com.google.android.c2dm.permission.RECEIVE" />
37-->[com.google.firebase:firebase-messaging:22.0.0] AndroidManifest.xml:25:5-82
37-->[com.google.firebase:firebase-messaging:22.0.0] AndroidManifest.xml:25:22-79
38    <uses-permission android:name="com.google.android.finsky.permission.BIND_GET_INSTALL_REFERRER_SERVICE" />
38-->[com.google.android.gms:play-services-measurement:19.0.2] AndroidManifest.xml:26:5-110
38-->[com.google.android.gms:play-services-measurement:19.0.2] AndroidManifest.xml:26:22-107
39
40    <application
40-->src\main\AndroidManifest.xml:15:5-211:19
41        android:name="com.ids.qasemti.controller.MyApplication"
41-->src\main\AndroidManifest.xml:16:9-49
42        android:allowBackup="false"
42-->src\main\AndroidManifest.xml:17:9-36
43        android:appComponentFactory="androidx.core.app.CoreComponentFactory"
43-->[androidx.core:core:1.6.0] AndroidManifest.xml:24:18-86
44        android:debuggable="true"
45        android:hardwareAccelerated="true"
45-->src\main\AndroidManifest.xml:24:9-43
46        android:icon="@mipmap/ic_launcher"
46-->src\main\AndroidManifest.xml:18:9-43
47        android:label="@string/app_name"
47-->src\main\AndroidManifest.xml:19:9-41
48        android:largeHeap="true"
48-->src\main\AndroidManifest.xml:20:9-33
49        android:requestLegacyExternalStorage="true"
49-->src\main\AndroidManifest.xml:26:9-52
50        android:roundIcon="@mipmap/ic_launcher"
50-->src\main\AndroidManifest.xml:21:9-48
51        android:supportsRtl="true"
51-->src\main\AndroidManifest.xml:22:9-35
52        android:testOnly="true"
53        android:theme="@style/AppTheme"
53-->src\main\AndroidManifest.xml:25:9-40
54        android:usesCleartextTraffic="true" >
54-->src\main\AndroidManifest.xml:27:9-44
55
56        <!--
57            <service
58            android:name=".utils.LocationUpdatesService"
59            android:enabled="true"
60            android:exported="true"
61            android:foregroundServiceType="location" />
62        -->
63
64        <provider
65            android:name="androidx.core.content.FileProvider"
65-->src\main\AndroidManifest.xml:36:13-62
66            android:authorities="com.ids.qasemti.provider"
66-->src\main\AndroidManifest.xml:37:13-60
67            android:exported="false"
67-->src\main\AndroidManifest.xml:38:13-37
68            android:grantUriPermissions="true" >
68-->src\main\AndroidManifest.xml:39:13-47
69            <meta-data
69-->src\main\AndroidManifest.xml:40:13-42:58
70                android:name="android.support.FILE_PROVIDER_PATHS"
70-->src\main\AndroidManifest.xml:41:17-67
71                android:resource="@xml/provider_paths" />
71-->src\main\AndroidManifest.xml:42:17-55
72        </provider>
73
74        <meta-data
74-->src\main\AndroidManifest.xml:44:9-46:69
75            android:name="com.google.android.gms.version"
75-->src\main\AndroidManifest.xml:45:13-58
76            android:value="@integer/google_play_services_version" />
76-->src\main\AndroidManifest.xml:46:13-66
77
78<!--              The API key for Google Maps-based APIs. -->
79
80
81        <!--
82                 <activity
83                 android:name=".controller.Activities.ActivityHome"
84                  android:screenOrientation="portrait"
85                 android:theme="@style/AppTheme.NoActionBar" >
86             </activity>
87        -->
88
89        <activity
89-->src\main\AndroidManifest.xml:60:9-62:52
90            android:name="com.ids.qasemti.controller.Activities.ActivityChooseLanguage"
90-->src\main\AndroidManifest.xml:61:13-73
91            android:screenOrientation="portrait" />
91-->src\main\AndroidManifest.xml:62:13-49
92        <activity
92-->src\main\AndroidManifest.xml:64:9-67:52
93            android:name="com.ids.qasemti.controller.Activities.ActivityAddNewAddress"
93-->src\main\AndroidManifest.xml:65:13-72
94            android:configChanges="orientation|keyboardHidden"
94-->src\main\AndroidManifest.xml:66:13-63
95            android:screenOrientation="portrait" />
95-->src\main\AndroidManifest.xml:67:13-49
96        <activity
96-->src\main\AndroidManifest.xml:68:9-71:52
97            android:name="com.ids.qasemti.controller.Activities.ActivityMobileRegistration"
97-->src\main\AndroidManifest.xml:69:13-77
98            android:configChanges="orientation|keyboardHidden"
98-->src\main\AndroidManifest.xml:70:13-63
99            android:screenOrientation="portrait" />
99-->src\main\AndroidManifest.xml:71:13-49
100        <activity
100-->src\main\AndroidManifest.xml:73:9-76:52
101            android:name="com.ids.qasemti.controller.Activities.ActivityRegistration"
101-->src\main\AndroidManifest.xml:74:13-71
102            android:configChanges="orientation|keyboardHidden"
102-->src\main\AndroidManifest.xml:75:13-63
103            android:screenOrientation="portrait" />
103-->src\main\AndroidManifest.xml:76:13-49
104        <activity
104-->src\main\AndroidManifest.xml:79:9-82:52
105            android:name="com.ids.qasemti.controller.Activities.ActivityAddresses"
105-->src\main\AndroidManifest.xml:80:13-68
106            android:configChanges="orientation|keyboardHidden"
106-->src\main\AndroidManifest.xml:81:13-63
107            android:screenOrientation="portrait" />
107-->src\main\AndroidManifest.xml:82:13-49
108        <activity
108-->src\main\AndroidManifest.xml:83:9-86:52
109            android:name="com.ids.qasemti.controller.Activities.ActivityTrackOrder"
109-->src\main\AndroidManifest.xml:84:13-69
110            android:configChanges="orientation|keyboardHidden"
110-->src\main\AndroidManifest.xml:85:13-63
111            android:screenOrientation="portrait" />
111-->src\main\AndroidManifest.xml:86:13-49
112        <activity
112-->src\main\AndroidManifest.xml:87:9-90:52
113            android:name="com.ids.qasemti.controller.Activities.ActivityContactUs"
113-->src\main\AndroidManifest.xml:88:13-68
114            android:configChanges="orientation|keyboardHidden"
114-->src\main\AndroidManifest.xml:89:13-63
115            android:screenOrientation="portrait" />
115-->src\main\AndroidManifest.xml:90:13-49
116        <!--
117            <activity
118            android:name="com.ids.qasemti.controller.Activities.Activ"
119            android:screenOrientation="portrait"
120            android:theme="@style/AppTheme.NoActionBar"/>
121        -->
122
123
124        <!--
125            <activity android:name=".controller.Activities.ActivityMap"
126            android:screenOrientation="portrait"/>
127        -->
128        <activity
128-->src\main\AndroidManifest.xml:99:9-101:51
129            android:name="com.ids.qasemti.controller.Activities.ActivityAccountStatus"
129-->src\main\AndroidManifest.xml:100:13-72
130            android:screenOrientation="portrait" />
130-->src\main\AndroidManifest.xml:101:13-49
131        <activity
131-->src\main\AndroidManifest.xml:102:9-105:52
132            android:name="com.ids.qasemti.controller.Activities.ActivityMap"
132-->src\main\AndroidManifest.xml:103:13-62
133            android:configChanges="orientation|keyboardHidden"
133-->src\main\AndroidManifest.xml:104:13-63
134            android:screenOrientation="portrait" />
134-->src\main\AndroidManifest.xml:105:13-49
135        <activity
135-->src\main\AndroidManifest.xml:107:9-109:52
136            android:name="com.ids.qasemti.controller.Activities.ActivityServices"
136-->src\main\AndroidManifest.xml:108:13-67
137            android:screenOrientation="portrait" />
137-->src\main\AndroidManifest.xml:109:13-49
138        <activity
138-->src\main\AndroidManifest.xml:111:9-114:52
139            android:name="com.ids.qasemti.controller.Activities.ActivityServiceInformation"
139-->src\main\AndroidManifest.xml:112:13-77
140            android:configChanges="orientation|keyboardHidden"
140-->src\main\AndroidManifest.xml:113:13-63
141            android:screenOrientation="portrait" />
141-->src\main\AndroidManifest.xml:114:13-49
142        <activity
142-->src\main\AndroidManifest.xml:116:9-118:52
143            android:name="com.ids.qasemti.controller.Activities.ActivitySettlements"
143-->src\main\AndroidManifest.xml:117:13-70
144            android:screenOrientation="portrait" />
144-->src\main\AndroidManifest.xml:118:13-49
145
146        <service
146-->src\main\AndroidManifest.xml:120:9-122:43
147            android:name="com.ids.qasemti.utils.CurrentLocationService"
147-->src\main\AndroidManifest.xml:121:13-57
148            android:stopWithTask="true" />
148-->src\main\AndroidManifest.xml:122:13-40
149        <service
149-->src\main\AndroidManifest.xml:124:9-129:55
150            android:name="com.ids.qasemti.utils.LocationForeService"
150-->src\main\AndroidManifest.xml:125:13-54
151            android:enabled="true"
151-->src\main\AndroidManifest.xml:127:13-35
152            android:exported="false"
152-->src\main\AndroidManifest.xml:128:13-37
153            android:foregroundServiceType="location"
153-->src\main\AndroidManifest.xml:129:13-53
154            android:stopWithTask="true" />
154-->src\main\AndroidManifest.xml:126:13-40
155
156        <activity
156-->src\main\AndroidManifest.xml:131:9-133:52
157            android:name="com.ids.qasemti.controller.Activities.ActivityChat"
157-->src\main\AndroidManifest.xml:132:13-63
158            android:screenOrientation="portrait" />
158-->src\main\AndroidManifest.xml:133:13-49
159        <activity
159-->src\main\AndroidManifest.xml:134:9-136:52
160            android:name="com.ids.qasemti.controller.Activities.ActivityCurrentLocation"
160-->src\main\AndroidManifest.xml:135:13-74
161            android:screenOrientation="portrait" />
161-->src\main\AndroidManifest.xml:136:13-49
162        <activity
162-->src\main\AndroidManifest.xml:137:9-139:52
163            android:name="com.ids.qasemti.controller.Activities.ActivityWeb"
163-->src\main\AndroidManifest.xml:138:13-62
164            android:screenOrientation="portrait" />
164-->src\main\AndroidManifest.xml:139:13-49
165
166        <!--
167             <activity
168             android:name=".controller.Activities.ActivityRelatedOrders"
169             android:screenOrientation="portrait" />
170        -->
171        <activity
171-->src\main\AndroidManifest.xml:146:9-150:52
172            android:name="com.ids.qasemti.controller.Activities.ActivityMapAddress"
172-->src\main\AndroidManifest.xml:147:13-69
173            android:configChanges="orientation|keyboardHidden"
173-->src\main\AndroidManifest.xml:148:13-63
174            android:screenOrientation="portrait"
174-->src\main\AndroidManifest.xml:150:13-49
175            android:theme="@style/AppTheme.NoActionBar" />
175-->src\main\AndroidManifest.xml:149:13-56
176        <activity
176-->src\main\AndroidManifest.xml:151:9-155:58
177            android:name="com.ids.qasemti.controller.Activities.ActivitySelectAddress"
177-->src\main\AndroidManifest.xml:152:13-72
178            android:configChanges="orientation|keyboardHidden"
178-->src\main\AndroidManifest.xml:153:13-63
179            android:screenOrientation="portrait"
179-->src\main\AndroidManifest.xml:154:13-49
180            android:theme="@style/AppTheme.NoActionBar" />
180-->src\main\AndroidManifest.xml:155:13-56
181        <activity
181-->src\main\AndroidManifest.xml:157:9-159:52
182            android:name="com.ids.qasemti.controller.Activities.ActivityPlaceOrder"
182-->src\main\AndroidManifest.xml:158:13-69
183            android:screenOrientation="portrait" />
183-->src\main\AndroidManifest.xml:159:13-49
184        <activity
184-->src\main\AndroidManifest.xml:160:9-165:15
185            android:name="com.ids.qasemti.controller.Activities.ActivityCodeVerification"
185-->src\main\AndroidManifest.xml:161:13-75
186            android:screenOrientation="portrait"
186-->src\main\AndroidManifest.xml:162:13-49
187            android:windowSoftInputMode="stateVisible" />
187-->src\main\AndroidManifest.xml:163:13-55
188        <activity
188-->src\main\AndroidManifest.xml:166:9-169:58
189            android:name="com.ids.qasemti.controller.Activities.ActivityHome"
189-->src\main\AndroidManifest.xml:167:13-63
190            android:screenOrientation="portrait"
190-->src\main\AndroidManifest.xml:168:13-49
191            android:theme="@style/AppTheme.NoActionBar" />
191-->src\main\AndroidManifest.xml:169:13-56
192        <activity
192-->src\main\AndroidManifest.xml:170:9-173:58
193            android:name="com.ids.qasemti.controller.Activities.ActivityMapLocation"
193-->src\main\AndroidManifest.xml:171:13-70
194            android:screenOrientation="portrait"
194-->src\main\AndroidManifest.xml:172:13-49
195            android:theme="@style/AppTheme.NoActionBar" />
195-->src\main\AndroidManifest.xml:173:13-56
196        <activity
196-->src\main\AndroidManifest.xml:174:9-178:58
197            android:name="com.ids.qasemti.controller.Activities.ActivityOrderDetails"
197-->src\main\AndroidManifest.xml:175:13-71
198            android:configChanges="orientation|keyboardHidden"
198-->src\main\AndroidManifest.xml:176:13-63
199            android:screenOrientation="portrait"
199-->src\main\AndroidManifest.xml:177:13-49
200            android:theme="@style/AppTheme.NoActionBar" />
200-->src\main\AndroidManifest.xml:178:13-56
201        <activity
201-->src\main\AndroidManifest.xml:180:9-183:58
202            android:name="com.ids.qasemti.controller.Activities.ActivityRelatedOrders"
202-->src\main\AndroidManifest.xml:181:13-72
203            android:screenOrientation="portrait"
203-->src\main\AndroidManifest.xml:182:13-49
204            android:theme="@style/AppTheme.NoActionBar" />
204-->src\main\AndroidManifest.xml:183:13-56
205        <activity
205-->src\main\AndroidManifest.xml:185:9-189:58
206            android:name="com.ids.qasemti.controller.Activities.ActivityCheckout"
206-->src\main\AndroidManifest.xml:186:13-67
207            android:configChanges="orientation|keyboardHidden"
207-->src\main\AndroidManifest.xml:187:13-63
208            android:screenOrientation="portrait"
208-->src\main\AndroidManifest.xml:188:13-49
209            android:theme="@style/AppTheme.NoActionBar" />
209-->src\main\AndroidManifest.xml:189:13-56
210        <activity
210-->src\main\AndroidManifest.xml:191:9-200:20
211            android:name="com.ids.qasemti.controller.Activities.ActivitySplash"
211-->src\main\AndroidManifest.xml:192:13-65
212            android:screenOrientation="fullSensor"
212-->src\main\AndroidManifest.xml:193:13-51
213            android:theme="@style/AppTheme.NoActionBar" >
213-->src\main\AndroidManifest.xml:194:13-56
214            <intent-filter>
214-->src\main\AndroidManifest.xml:195:13-199:29
215                <action android:name="android.intent.action.MAIN" />
215-->src\main\AndroidManifest.xml:196:17-69
215-->src\main\AndroidManifest.xml:196:25-66
216
217                <category android:name="android.intent.category.LAUNCHER" />
217-->src\main\AndroidManifest.xml:198:17-77
217-->src\main\AndroidManifest.xml:198:27-74
218            </intent-filter>
219        </activity>
220
221        <meta-data
221-->src\main\AndroidManifest.xml:203:9-205:71
222            android:name="com.google.android.geo.API_KEY"
222-->src\main\AndroidManifest.xml:204:13-58
223            android:value="AIzaSyCKeZJUtvoCxtgf5Pjm3kQy_5yScjUst5U" />
223-->src\main\AndroidManifest.xml:205:13-68
224        <meta-data
224-->src\main\AndroidManifest.xml:44:9-46:69
225            android:name="com.google.android.gms.version"
225-->src\main\AndroidManifest.xml:45:13-58
226            android:value="@integer/google_play_services_version" />
226-->src\main\AndroidManifest.xml:46:13-66
227
228        <provider
228-->[com.google.firebase:firebase-perf:20.0.3] AndroidManifest.xml:14:9-18:39
229            android:name="com.google.firebase.perf.provider.FirebasePerfProvider"
229-->[com.google.firebase:firebase-perf:20.0.3] AndroidManifest.xml:15:13-82
230            android:authorities="com.ids.qasemti.firebaseperfprovider"
230-->[com.google.firebase:firebase-perf:20.0.3] AndroidManifest.xml:16:13-72
231            android:exported="false"
231-->[com.google.firebase:firebase-perf:20.0.3] AndroidManifest.xml:17:13-37
232            android:initOrder="101" />
232-->[com.google.firebase:firebase-perf:20.0.3] AndroidManifest.xml:18:13-36
233
234        <service
234-->[com.google.firebase:firebase-perf:20.0.3] AndroidManifest.xml:20:9-26:19
235            android:name="com.google.firebase.components.ComponentDiscoveryService"
235-->[com.google.firebase:firebase-perf:20.0.3] AndroidManifest.xml:21:13-84
236            android:directBootAware="true"
236-->[com.google.firebase:firebase-common:20.0.0] AndroidManifest.xml:35:13-43
237            android:exported="false" >
237-->[com.google.firebase:firebase-perf:20.0.3] AndroidManifest.xml:22:13-37
238            <meta-data
238-->[com.google.firebase:firebase-perf:20.0.3] AndroidManifest.xml:23:13-25:85
239                android:name="com.google.firebase.components:com.google.firebase.perf.FirebasePerfRegistrar"
239-->[com.google.firebase:firebase-perf:20.0.3] AndroidManifest.xml:24:17-109
240                android:value="com.google.firebase.components.ComponentRegistrar" />
240-->[com.google.firebase:firebase-perf:20.0.3] AndroidManifest.xml:25:17-82
241            <meta-data
241-->[com.google.firebase:firebase-config-ktx:21.0.1] AndroidManifest.xml:15:13-17:85
242                android:name="com.google.firebase.components:com.google.firebase.remoteconfig.ktx.FirebaseRemoteConfigKtxRegistrar"
242-->[com.google.firebase:firebase-config-ktx:21.0.1] AndroidManifest.xml:16:17-132
243                android:value="com.google.firebase.components.ComponentRegistrar" />
243-->[com.google.firebase:firebase-config-ktx:21.0.1] AndroidManifest.xml:17:17-82
244            <meta-data
244-->[com.google.firebase:firebase-firestore-ktx:23.0.4] AndroidManifest.xml:15:13-17:85
245                android:name="com.google.firebase.components:com.google.firebase.firestore.ktx.FirebaseFirestoreKtxRegistrar"
245-->[com.google.firebase:firebase-firestore-ktx:23.0.4] AndroidManifest.xml:16:17-126
246                android:value="com.google.firebase.components.ComponentRegistrar" />
246-->[com.google.firebase:firebase-firestore-ktx:23.0.4] AndroidManifest.xml:17:17-82
247            <meta-data
247-->[com.google.firebase:firebase-common-ktx:20.0.0] AndroidManifest.xml:15:13-17:85
248                android:name="com.google.firebase.components:com.google.firebase.ktx.FirebaseCommonKtxRegistrar"
248-->[com.google.firebase:firebase-common-ktx:20.0.0] AndroidManifest.xml:16:17-113
249                android:value="com.google.firebase.components.ComponentRegistrar" />
249-->[com.google.firebase:firebase-common-ktx:20.0.0] AndroidManifest.xml:17:17-82
250            <meta-data
250-->[com.google.firebase:firebase-firestore:23.0.4] AndroidManifest.xml:20:13-22:85
251                android:name="com.google.firebase.components:com.google.firebase.firestore.FirestoreRegistrar"
251-->[com.google.firebase:firebase-firestore:23.0.4] AndroidManifest.xml:21:17-111
252                android:value="com.google.firebase.components.ComponentRegistrar" />
252-->[com.google.firebase:firebase-firestore:23.0.4] AndroidManifest.xml:22:17-82
253            <meta-data
253-->[com.google.firebase:firebase-messaging:22.0.0] AndroidManifest.xml:52:13-54:85
254                android:name="com.google.firebase.components:com.google.firebase.messaging.FirebaseMessagingRegistrar"
254-->[com.google.firebase:firebase-messaging:22.0.0] AndroidManifest.xml:53:17-119
255                android:value="com.google.firebase.components.ComponentRegistrar" />
255-->[com.google.firebase:firebase-messaging:22.0.0] AndroidManifest.xml:54:17-82
256            <meta-data
256-->[com.google.firebase:firebase-crashlytics:18.2.3] AndroidManifest.xml:18:13-20:85
257                android:name="com.google.firebase.components:com.google.firebase.crashlytics.CrashlyticsRegistrar"
257-->[com.google.firebase:firebase-crashlytics:18.2.3] AndroidManifest.xml:19:17-115
258                android:value="com.google.firebase.components.ComponentRegistrar" />
258-->[com.google.firebase:firebase-crashlytics:18.2.3] AndroidManifest.xml:20:17-82
259            <meta-data
259-->[com.google.firebase:firebase-config:21.0.1] AndroidManifest.xml:32:13-34:85
260                android:name="com.google.firebase.components:com.google.firebase.remoteconfig.RemoteConfigRegistrar"
260-->[com.google.firebase:firebase-config:21.0.1] AndroidManifest.xml:33:17-117
261                android:value="com.google.firebase.components.ComponentRegistrar" />
261-->[com.google.firebase:firebase-config:21.0.1] AndroidManifest.xml:34:17-82
262            <meta-data
262-->[com.google.firebase:firebase-abt:21.0.0] AndroidManifest.xml:13:13-15:85
263                android:name="com.google.firebase.components:com.google.firebase.abt.component.AbtRegistrar"
263-->[com.google.firebase:firebase-abt:21.0.0] AndroidManifest.xml:14:17-109
264                android:value="com.google.firebase.components.ComponentRegistrar" />
264-->[com.google.firebase:firebase-abt:21.0.0] AndroidManifest.xml:15:17-82
265            <meta-data
265-->[com.google.android.gms:play-services-measurement-api:19.0.2] AndroidManifest.xml:30:13-32:85
266                android:name="com.google.firebase.components:com.google.firebase.analytics.connector.internal.AnalyticsConnectorRegistrar"
266-->[com.google.android.gms:play-services-measurement-api:19.0.2] AndroidManifest.xml:31:17-139
267                android:value="com.google.firebase.components.ComponentRegistrar" />
267-->[com.google.android.gms:play-services-measurement-api:19.0.2] AndroidManifest.xml:32:17-82
268            <meta-data
268-->[com.google.firebase:firebase-installations:17.0.0] AndroidManifest.xml:18:13-20:85
269                android:name="com.google.firebase.components:com.google.firebase.installations.FirebaseInstallationsRegistrar"
269-->[com.google.firebase:firebase-installations:17.0.0] AndroidManifest.xml:19:17-127
270                android:value="com.google.firebase.components.ComponentRegistrar" />
270-->[com.google.firebase:firebase-installations:17.0.0] AndroidManifest.xml:20:17-82
271            <meta-data
271-->[com.google.firebase:firebase-datatransport:18.0.1] AndroidManifest.xml:28:13-30:85
272                android:name="com.google.firebase.components:com.google.firebase.datatransport.TransportRegistrar"
272-->[com.google.firebase:firebase-datatransport:18.0.1] AndroidManifest.xml:29:17-115
273                android:value="com.google.firebase.components.ComponentRegistrar" />
273-->[com.google.firebase:firebase-datatransport:18.0.1] AndroidManifest.xml:30:17-82
274        </service>
275
276        <activity
276-->[:payment] AndroidManifest.xml:20:9-31:20
277            android:name="com.upayments.activity.ActivityWeb"
277-->[:payment] AndroidManifest.xml:21:13-62
278            android:label="@string/app_name"
278-->[:payment] AndroidManifest.xml:22:13-45
279            android:theme="@style/customUpaymentsTheme" >
279-->[:payment] AndroidManifest.xml:23:13-56
280
281            <!-- <intent-filter> -->
282            <!-- <action android:name="android.intent.action.MAIN" /> -->
283
284
285            <!-- <category android:name="android.intent.category.LAUNCHER" /> -->
286            <!-- </intent-filter> -->
287        </activity>
288
289        <provider
289-->[com.github.jaiselrahman:FilePicker:1.3.2] AndroidManifest.xml:14:9-22:20
290            android:name="com.jaiselrahman.filepicker.utils.FilePickerProvider"
290-->[com.github.jaiselrahman:FilePicker:1.3.2] AndroidManifest.xml:15:13-80
291            android:authorities="com.ids.qasemti.filepicker.provider"
291-->[com.github.jaiselrahman:FilePicker:1.3.2] AndroidManifest.xml:16:13-71
292            android:exported="false"
292-->[com.github.jaiselrahman:FilePicker:1.3.2] AndroidManifest.xml:17:13-37
293            android:grantUriPermissions="true" >
293-->[com.github.jaiselrahman:FilePicker:1.3.2] AndroidManifest.xml:18:13-47
294            <meta-data
294-->src\main\AndroidManifest.xml:40:13-42:58
295                android:name="android.support.FILE_PROVIDER_PATHS"
295-->src\main\AndroidManifest.xml:41:17-67
296                android:resource="@xml/com_jaiselrahman_filepicker_provider_paths" />
296-->src\main\AndroidManifest.xml:42:17-55
297        </provider>
298
299        <activity
299-->[com.github.jaiselrahman:FilePicker:1.3.2] AndroidManifest.xml:24:9-26:59
300            android:name="com.jaiselrahman.filepicker.activity.FilePickerActivity"
300-->[com.github.jaiselrahman:FilePicker:1.3.2] AndroidManifest.xml:25:13-83
301            android:theme="@style/AppTheme.NoActionBar" />
301-->[com.github.jaiselrahman:FilePicker:1.3.2] AndroidManifest.xml:26:13-56
302        <activity
302-->[com.nbsp:materialfilepicker:1.9.1] AndroidManifest.xml:14:9-17:20
303            android:name="com.nbsp.materialfilepicker.ui.FilePickerActivity"
303-->[com.nbsp:materialfilepicker:1.9.1] AndroidManifest.xml:15:13-77
304            android:theme="@style/MFP_BaseTheme" >
304-->[com.nbsp:materialfilepicker:1.9.1] AndroidManifest.xml:16:13-49
305        </activity>
306        <activity
306-->[com.google.android.libraries.places:places:2.5.0] AndroidManifest.xml:14:9-20:20
307            android:name="com.google.android.libraries.places.widget.AutocompleteActivity"
307-->[com.google.android.libraries.places:places:2.5.0] AndroidManifest.xml:15:13-91
308            android:exported="false"
308-->[com.google.android.libraries.places:places:2.5.0] AndroidManifest.xml:16:13-37
309            android:label="@string/places_autocomplete_label"
309-->[com.google.android.libraries.places:places:2.5.0] AndroidManifest.xml:17:13-62
310            android:theme="@style/PlacesAutocompleteOverlay"
310-->[com.google.android.libraries.places:places:2.5.0] AndroidManifest.xml:18:13-61
311            android:windowSoftInputMode="adjustResize" >
311-->[com.google.android.libraries.places:places:2.5.0] AndroidManifest.xml:19:13-55
312        </activity> <!-- Needs to be explicitly declared on P+ -->
313        <uses-library
313-->[com.google.android.gms:play-services-maps:17.0.1] AndroidManifest.xml:39:9-41:40
314            android:name="org.apache.http.legacy"
314-->[com.google.android.gms:play-services-maps:17.0.1] AndroidManifest.xml:40:13-50
315            android:required="false" />
315-->[com.google.android.gms:play-services-maps:17.0.1] AndroidManifest.xml:41:13-37
316
317        <receiver